The system is: Linux - 6.1.44-1-MANJARO - x86_64
Compiling the C compiler identification source file "CMakeCCompilerId.c" succeeded.
Compiler: /usr/bin/cc 
Build flags: 
Id flags:  

The output was:
0


Compilation of the C compiler identification source "CMakeCCompilerId.c" produced "a.out"

The C compiler identification is GNU, found in "/home/mischa/CLionProjects/untitled/cmake-build-release/CMakeFiles/3.25.2/CompilerIdC/a.out"

Compiling the CXX compiler identification source file "CMakeCXXCompilerId.cpp" succeeded.
Compiler: /usr/bin/c++ 
Build flags: 
Id flags:  

The output was:
0


Compilation of the CXX compiler identification source "CMakeCXXCompilerId.cpp" produced "a.out"

The CXX compiler identification is GNU, found in "/home/mischa/CLionProjects/untitled/cmake-build-release/CMakeFiles/3.25.2/CompilerIdCXX/a.out"

Detecting C compiler ABI info compiled with the following output:
Change Dir: /home/mischa/CLionProjects/untitled/cmake-build-release/CMakeFiles/CMakeScratch/TryCompile-TuXrMy

Run Build Command(s):/home/mischa/bin/clion-2023.1.5/bin/ninja/linux/x64/ninja cmTC_2cdcd && [1/2] Building C object CMakeFiles/cmTC_2cdcd.dir/CMakeCCompilerABI.c.o
Using built-in specs.
COLLECT_GCC=/usr/bin/cc
Target: x86_64-pc-linux-gnu
Configured with: /build/gcc/src/gcc/configure --enable-languages=ada,c,c++,d,fortran,go,lto,objc,obj-c++ --enable-bootstrap --prefix=/usr --libdir=/usr/lib --libexecdir=/usr/lib --mandir=/usr/share/man --infodir=/usr/share/info --with-bugurl=https://bugs.archlinux.org/ --with-build-config=bootstrap-lto --with-linker-hash-style=gnu --with-system-zlib --enable-__cxa_atexit --enable-cet=auto --enable-checking=release --enable-clocale=gnu --enable-default-pie --enable-default-ssp --enable-gnu-indirect-function --enable-gnu-unique-object --enable-libstdcxx-backtrace --enable-link-serialization=1 --enable-linker-build-id --enable-lto --enable-multilib --enable-plugin --enable-shared --enable-threads=posix --disable-libssp --disable-libstdcxx-pch --disable-werror
Thread model: posix
Supported LTO compression algorithms: zlib zstd
gcc version 13.2.1 20230801 (GCC) 
COLLECT_GCC_OPTIONS='-fdiagnostics-color=always' '-v' '-o' 'CMakeFiles/cmTC_2cdcd.dir/CMakeCCompilerABI.c.o' '-c' '-mtune=generic' '-march=x86-64' '-dumpdir' 'CMakeFiles/cmTC_2cdcd.dir/'
 /usr/lib/gcc/x86_64-pc-linux-gnu/13.2.1/cc1 -quiet -v /home/mischa/bin/clion-2023.1.5/bin/cmake/linux/x64/share/cmake-3.25/Modules/CMakeCCompilerABI.c -quiet -dumpdir CMakeFiles/cmTC_2cdcd.dir/ -dumpbase CMakeCCompilerABI.c.c -dumpbase-ext .c -mtune=generic -march=x86-64 -version -fdiagnostics-color=always -o /tmp/ccSV19V3.s
GNU C17 (GCC) version 13.2.1 20230801 (x86_64-pc-linux-gnu)
	compiled by GNU C version 13.2.1 20230801, GMP version 6.3.0, MPFR version 4.2.0-p12, MPC version 1.3.1, isl version isl-0.26-GMP

GGC heuristics: --param ggc-min-expand=100 --param ggc-min-heapsize=131072
ignoring nonexistent directory "/usr/lib/gcc/x86_64-pc-linux-gnu/13.2.1/../../../../x86_64-pc-linux-gnu/include"
#include "..." search starts here:
#include <...> search starts here:
 /usr/lib/gcc/x86_64-pc-linux-gnu/13.2.1/include
 /usr/local/include
 /usr/lib/gcc/x86_64-pc-linux-gnu/13.2.1/include-fixed
 /usr/include
End of search list.
Compiler executable checksum: 865c2688a4f1e3f13d6bf2cc8fd98762
COLLECT_GCC_OPTIONS='-fdiagnostics-color=always' '-v' '-o' 'CMakeFiles/cmTC_2cdcd.dir/CMakeCCompilerABI.c.o' '-c' '-mtune=generic' '-march=x86-64' '-dumpdir' 'CMakeFiles/cmTC_2cdcd.dir/'
 as -v --64 -o CMakeFiles/cmTC_2cdcd.dir/CMakeCCompilerABI.c.o /tmp/ccSV19V3.s
GNU assembler version 2.41.0 (x86_64-pc-linux-gnu) using BFD version (GNU Binutils) 2.41.0
COMPILER_PATH=/usr/lib/gcc/x86_64-pc-linux-gnu/13.2.1/:/usr/lib/gcc/x86_64-pc-linux-gnu/13.2.1/:/usr/lib/gcc/x86_64-pc-linux-gnu/:/usr/lib/gcc/x86_64-pc-linux-gnu/13.2.1/:/usr/lib/gcc/x86_64-pc-linux-gnu/
LIBRARY_PATH=/usr/lib/gcc/x86_64-pc-linux-gnu/13.2.1/:/usr/lib/gcc/x86_64-pc-linux-gnu/13.2.1/../../../../lib/:/lib/../lib/:/usr/lib/../lib/:/usr/lib/gcc/x86_64-pc-linux-gnu/13.2.1/../../../:/lib/:/usr/lib/
COLLECT_GCC_OPTIONS='-fdiagnostics-color=always' '-v' '-o' 'CMakeFiles/cmTC_2cdcd.dir/CMakeCCompilerABI.c.o' '-c' '-mtune=generic' '-march=x86-64' '-dumpdir' 'CMakeFiles/cmTC_2cdcd.dir/CMakeCCompilerABI.c.'
[2/2] Linking C executable cmTC_2cdcd
Using built-in specs.
COLLECT_GCC=/usr/bin/cc
COLLECT_LTO_WRAPPER=/usr/lib/gcc/x86_64-pc-linux-gnu/13.2.1/lto-wrapper
Target: x86_64-pc-linux-gnu
Configured with: /build/gcc/src/gcc/configure --enable-languages=ada,c,c++,d,fortran,go,lto,objc,obj-c++ --enable-bootstrap --prefix=/usr --libdir=/usr/lib --libexecdir=/usr/lib --mandir=/usr/share/man --infodir=/usr/share/info --with-bugurl=https://bugs.archlinux.org/ --with-build-config=bootstrap-lto --with-linker-hash-style=gnu --with-system-zlib --enable-__cxa_atexit --enable-cet=auto --enable-checking=release --enable-clocale=gnu --enable-default-pie --enable-default-ssp --enable-gnu-indirect-function --enable-gnu-unique-object --enable-libstdcxx-backtrace --enable-link-serialization=1 --enable-linker-build-id --enable-lto --enable-multilib --enable-plugin --enable-shared --enable-threads=posix --disable-libssp --disable-libstdcxx-pch --disable-werror
Thread model: posix
Supported LTO compression algorithms: zlib zstd
gcc version 13.2.1 20230801 (GCC) 
COMPILER_PATH=/usr/lib/gcc/x86_64-pc-linux-gnu/13.2.1/:/usr/lib/gcc/x86_64-pc-linux-gnu/13.2.1/:/usr/lib/gcc/x86_64-pc-linux-gnu/:/usr/lib/gcc/x86_64-pc-linux-gnu/13.2.1/:/usr/lib/gcc/x86_64-pc-linux-gnu/
LIBRARY_PATH=/usr/lib/gcc/x86_64-pc-linux-gnu/13.2.1/:/usr/lib/gcc/x86_64-pc-linux-gnu/13.2.1/../../../../lib/:/lib/../lib/:/usr/lib/../lib/:/usr/lib/gcc/x86_64-pc-linux-gnu/13.2.1/../../../:/lib/:/usr/lib/
COLLECT_GCC_OPTIONS='-v' '-o' 'cmTC_2cdcd' '-mtune=generic' '-march=x86-64' '-dumpdir' 'cmTC_2cdcd.'
 /usr/lib/gcc/x86_64-pc-linux-gnu/13.2.1/collect2 -plugin /usr/lib/gcc/x86_64-pc-linux-gnu/13.2.1/liblto_plugin.so -plugin-opt=/usr/lib/gcc/x86_64-pc-linux-gnu/13.2.1/lto-wrapper -plugin-opt=-fresolution=/tmp/ccUXSMlD.res -plugin-opt=-pass-through=-lgcc -plugin-opt=-pass-through=-lgcc_s -plugin-opt=-pass-through=-lc -plugin-opt=-pass-through=-lgcc -plugin-opt=-pass-through=-lgcc_s --build-id --eh-frame-hdr --hash-style=gnu -m elf_x86_64 -dynamic-linker /lib64/ld-linux-x86-64.so.2 -pie -o cmTC_2cdcd /usr/lib/gcc/x86_64-pc-linux-gnu/13.2.1/../../../../lib/Scrt1.o /usr/lib/gcc/x86_64-pc-linux-gnu/13.2.1/../../../../lib/crti.o /usr/lib/gcc/x86_64-pc-linux-gnu/13.2.1/crtbeginS.o -L/usr/lib/gcc/x86_64-pc-linux-gnu/13.2.1 -L/usr/lib/gcc/x86_64-pc-linux-gnu/13.2.1/../../../../lib -L/lib/../lib -L/usr/lib/../lib -L/usr/lib/gcc/x86_64-pc-linux-gnu/13.2.1/../../.. CMakeFiles/cmTC_2cdcd.dir/CMakeCCompilerABI.c.o -lgcc --push-state --as-needed -lgcc_s --pop-state -lc -lgcc --push-state --as-needed -lgcc_s --pop-state /usr/lib/gcc/x86_64-pc-linux-gnu/13.2.1/crtendS.o /usr/lib/gcc/x86_64-pc-linux-gnu/13.2.1/../../../../lib/crtn.o
COLLECT_GCC_OPTIONS='-v' '-o' 'cmTC_2cdcd' '-mtune=generic' '-march=x86-64' '-dumpdir' 'cmTC_2cdcd.'



Parsed C implicit include dir info from above output: rv=done
  found start of include info
  found start of implicit include info
    add: [/usr/lib/gcc/x86_64-pc-linux-gnu/13.2.1/include]
    add: [/usr/local/include]
    add: [/usr/lib/gcc/x86_64-pc-linux-gnu/13.2.1/include-fixed]
    add: [/usr/include]
  end of search list found
  collapse include dir [/usr/lib/gcc/x86_64-pc-linux-gnu/13.2.1/include] ==> [/usr/lib/gcc/x86_64-pc-linux-gnu/13.2.1/include]
  collapse include dir [/usr/local/include] ==> [/usr/local/include]
  collapse include dir [/usr/lib/gcc/x86_64-pc-linux-gnu/13.2.1/include-fixed] ==> [/usr/lib/gcc/x86_64-pc-linux-gnu/13.2.1/include-fixed]
  collapse include dir [/usr/include] ==> [/usr/include]
  implicit include dirs: [/usr/lib/gcc/x86_64-pc-linux-gnu/13.2.1/include;/usr/local/include;/usr/lib/gcc/x86_64-pc-linux-gnu/13.2.1/include-fixed;/usr/include]


Parsed C implicit link information from above output:
  link line regex: [^( *|.*[/\])(ld|CMAKE_LINK_STARTFILE-NOTFOUND|([^/\]+-)?ld|collect2)[^/\]*( |$)]
  ignore line: [Change Dir: /home/mischa/CLionProjects/untitled/cmake-build-release/CMakeFiles/CMakeScratch/TryCompile-TuXrMy]
  ignore line: []
  ignore line: [Run Build Command(s):/home/mischa/bin/clion-2023.1.5/bin/ninja/linux/x64/ninja cmTC_2cdcd && [1/2] Building C object CMakeFiles/cmTC_2cdcd.dir/CMakeCCompilerABI.c.o]
  ignore line: [Using built-in specs.]
  ignore line: [COLLECT_GCC=/usr/bin/cc]
  ignore line: [Target: x86_64-pc-linux-gnu]
  ignore line: [Configured with: /build/gcc/src/gcc/configure --enable-languages=ada c c++ d fortran go lto objc obj-c++ --enable-bootstrap --prefix=/usr --libdir=/usr/lib --libexecdir=/usr/lib --mandir=/usr/share/man --infodir=/usr/share/info --with-bugurl=https://bugs.archlinux.org/ --with-build-config=bootstrap-lto --with-linker-hash-style=gnu --with-system-zlib --enable-__cxa_atexit --enable-cet=auto --enable-checking=release --enable-clocale=gnu --enable-default-pie --enable-default-ssp --enable-gnu-indirect-function --enable-gnu-unique-object --enable-libstdcxx-backtrace --enable-link-serialization=1 --enable-linker-build-id --enable-lto --enable-multilib --enable-plugin --enable-shared --enable-threads=posix --disable-libssp --disable-libstdcxx-pch --disable-werror]
  ignore line: [Thread model: posix]
  ignore line: [Supported LTO compression algorithms: zlib zstd]
  ignore line: [gcc version 13.2.1 20230801 (GCC) ]
  ignore line: [COLLECT_GCC_OPTIONS='-fdiagnostics-color=always' '-v' '-o' 'CMakeFiles/cmTC_2cdcd.dir/CMakeCCompilerABI.c.o' '-c' '-mtune=generic' '-march=x86-64' '-dumpdir' 'CMakeFiles/cmTC_2cdcd.dir/']
  ignore line: [ /usr/lib/gcc/x86_64-pc-linux-gnu/13.2.1/cc1 -quiet -v /home/mischa/bin/clion-2023.1.5/bin/cmake/linux/x64/share/cmake-3.25/Modules/CMakeCCompilerABI.c -quiet -dumpdir CMakeFiles/cmTC_2cdcd.dir/ -dumpbase CMakeCCompilerABI.c.c -dumpbase-ext .c -mtune=generic -march=x86-64 -version -fdiagnostics-color=always -o /tmp/ccSV19V3.s]
  ignore line: [GNU C17 (GCC) version 13.2.1 20230801 (x86_64-pc-linux-gnu)]
  ignore line: [	compiled by GNU C version 13.2.1 20230801  GMP version 6.3.0  MPFR version 4.2.0-p12  MPC version 1.3.1  isl version isl-0.26-GMP]
  ignore line: []
  ignore line: [GGC heuristics: --param ggc-min-expand=100 --param ggc-min-heapsize=131072]
  ignore line: [ignoring nonexistent directory "/usr/lib/gcc/x86_64-pc-linux-gnu/13.2.1/../../../../x86_64-pc-linux-gnu/include"]
  ignore line: [#include "..." search starts here:]
  ignore line: [#include <...> search starts here:]
  ignore line: [ /usr/lib/gcc/x86_64-pc-linux-gnu/13.2.1/include]
  ignore line: [ /usr/local/include]
  ignore line: [ /usr/lib/gcc/x86_64-pc-linux-gnu/13.2.1/include-fixed]
  ignore line: [ /usr/include]
  ignore line: [End of search list.]
  ignore line: [Compiler executable checksum: 865c2688a4f1e3f13d6bf2cc8fd98762]
  ignore line: [COLLECT_GCC_OPTIONS='-fdiagnostics-color=always' '-v' '-o' 'CMakeFiles/cmTC_2cdcd.dir/CMakeCCompilerABI.c.o' '-c' '-mtune=generic' '-march=x86-64' '-dumpdir' 'CMakeFiles/cmTC_2cdcd.dir/']
  ignore line: [ as -v --64 -o CMakeFiles/cmTC_2cdcd.dir/CMakeCCompilerABI.c.o /tmp/ccSV19V3.s]
  ignore line: [GNU assembler version 2.41.0 (x86_64-pc-linux-gnu) using BFD version (GNU Binutils) 2.41.0]
  ignore line: [COMPILER_PATH=/usr/lib/gcc/x86_64-pc-linux-gnu/13.2.1/:/usr/lib/gcc/x86_64-pc-linux-gnu/13.2.1/:/usr/lib/gcc/x86_64-pc-linux-gnu/:/usr/lib/gcc/x86_64-pc-linux-gnu/13.2.1/:/usr/lib/gcc/x86_64-pc-linux-gnu/]
  ignore line: [LIBRARY_PATH=/usr/lib/gcc/x86_64-pc-linux-gnu/13.2.1/:/usr/lib/gcc/x86_64-pc-linux-gnu/13.2.1/../../../../lib/:/lib/../lib/:/usr/lib/../lib/:/usr/lib/gcc/x86_64-pc-linux-gnu/13.2.1/../../../:/lib/:/usr/lib/]
  ignore line: [COLLECT_GCC_OPTIONS='-fdiagnostics-color=always' '-v' '-o' 'CMakeFiles/cmTC_2cdcd.dir/CMakeCCompilerABI.c.o' '-c' '-mtune=generic' '-march=x86-64' '-dumpdir' 'CMakeFiles/cmTC_2cdcd.dir/CMakeCCompilerABI.c.']
  ignore line: [[2/2] Linking C executable cmTC_2cdcd]
  ignore line: [Using built-in specs.]
  ignore line: [COLLECT_GCC=/usr/bin/cc]
  ignore line: [COLLECT_LTO_WRAPPER=/usr/lib/gcc/x86_64-pc-linux-gnu/13.2.1/lto-wrapper]
  ignore line: [Target: x86_64-pc-linux-gnu]
  ignore line: [Configured with: /build/gcc/src/gcc/configure --enable-languages=ada c c++ d fortran go lto objc obj-c++ --enable-bootstrap --prefix=/usr --libdir=/usr/lib --libexecdir=/usr/lib --mandir=/usr/share/man --infodir=/usr/share/info --with-bugurl=https://bugs.archlinux.org/ --with-build-config=bootstrap-lto --with-linker-hash-style=gnu --with-system-zlib --enable-__cxa_atexit --enable-cet=auto --enable-checking=release --enable-clocale=gnu --enable-default-pie --enable-default-ssp --enable-gnu-indirect-function --enable-gnu-unique-object --enable-libstdcxx-backtrace --enable-link-serialization=1 --enable-linker-build-id --enable-lto --enable-multilib --enable-plugin --enable-shared --enable-threads=posix --disable-libssp --disable-libstdcxx-pch --disable-werror]
  ignore line: [Thread model: posix]
  ignore line: [Supported LTO compression algorithms: zlib zstd]
  ignore line: [gcc version 13.2.1 20230801 (GCC) ]
  ignore line: [COMPILER_PATH=/usr/lib/gcc/x86_64-pc-linux-gnu/13.2.1/:/usr/lib/gcc/x86_64-pc-linux-gnu/13.2.1/:/usr/lib/gcc/x86_64-pc-linux-gnu/:/usr/lib/gcc/x86_64-pc-linux-gnu/13.2.1/:/usr/lib/gcc/x86_64-pc-linux-gnu/]
  ignore line: [LIBRARY_PATH=/usr/lib/gcc/x86_64-pc-linux-gnu/13.2.1/:/usr/lib/gcc/x86_64-pc-linux-gnu/13.2.1/../../../../lib/:/lib/../lib/:/usr/lib/../lib/:/usr/lib/gcc/x86_64-pc-linux-gnu/13.2.1/../../../:/lib/:/usr/lib/]
  ignore line: [COLLECT_GCC_OPTIONS='-v' '-o' 'cmTC_2cdcd' '-mtune=generic' '-march=x86-64' '-dumpdir' 'cmTC_2cdcd.']
  link line: [ /usr/lib/gcc/x86_64-pc-linux-gnu/13.2.1/collect2 -plugin /usr/lib/gcc/x86_64-pc-linux-gnu/13.2.1/liblto_plugin.so -plugin-opt=/usr/lib/gcc/x86_64-pc-linux-gnu/13.2.1/lto-wrapper -plugin-opt=-fresolution=/tmp/ccUXSMlD.res -plugin-opt=-pass-through=-lgcc -plugin-opt=-pass-through=-lgcc_s -plugin-opt=-pass-through=-lc -plugin-opt=-pass-through=-lgcc -plugin-opt=-pass-through=-lgcc_s --build-id --eh-frame-hdr --hash-style=gnu -m elf_x86_64 -dynamic-linker /lib64/ld-linux-x86-64.so.2 -pie -o cmTC_2cdcd /usr/lib/gcc/x86_64-pc-linux-gnu/13.2.1/../../../../lib/Scrt1.o /usr/lib/gcc/x86_64-pc-linux-gnu/13.2.1/../../../../lib/crti.o /usr/lib/gcc/x86_64-pc-linux-gnu/13.2.1/crtbeginS.o -L/usr/lib/gcc/x86_64-pc-linux-gnu/13.2.1 -L/usr/lib/gcc/x86_64-pc-linux-gnu/13.2.1/../../../../lib -L/lib/../lib -L/usr/lib/../lib -L/usr/lib/gcc/x86_64-pc-linux-gnu/13.2.1/../../.. CMakeFiles/cmTC_2cdcd.dir/CMakeCCompilerABI.c.o -lgcc --push-state --as-needed -lgcc_s --pop-state -lc -lgcc --push-state --as-needed -lgcc_s --pop-state /usr/lib/gcc/x86_64-pc-linux-gnu/13.2.1/crtendS.o /usr/lib/gcc/x86_64-pc-linux-gnu/13.2.1/../../../../lib/crtn.o]
    arg [/usr/lib/gcc/x86_64-pc-linux-gnu/13.2.1/collect2] ==> ignore
    arg [-plugin] ==> ignore
    arg [/usr/lib/gcc/x86_64-pc-linux-gnu/13.2.1/liblto_plugin.so] ==> ignore
    arg [-plugin-opt=/usr/lib/gcc/x86_64-pc-linux-gnu/13.2.1/lto-wrapper] ==> ignore
    arg [-plugin-opt=-fresolution=/tmp/ccUXSMlD.res] ==> ignore
    arg [-plugin-opt=-pass-through=-lgcc] ==> ignore
    arg [-plugin-opt=-pass-through=-lgcc_s] ==> ignore
    arg [-plugin-opt=-pass-through=-lc] ==> ignore
    arg [-plugin-opt=-pass-through=-lgcc] ==> ignore
    arg [-plugin-opt=-pass-through=-lgcc_s] ==> ignore
    arg [--build-id] ==> ignore
    arg [--eh-frame-hdr] ==> ignore
    arg [--hash-style=gnu] ==> ignore
    arg [-m] ==> ignore
    arg [elf_x86_64] ==> ignore
    arg [-dynamic-linker] ==> ignore
    arg [/lib64/ld-linux-x86-64.so.2] ==> ignore
    arg [-pie] ==> ignore
    arg [-o] ==> ignore
    arg [cmTC_2cdcd] ==> ignore
    arg [/usr/lib/gcc/x86_64-pc-linux-gnu/13.2.1/../../../../lib/Scrt1.o] ==> obj [/usr/lib/gcc/x86_64-pc-linux-gnu/13.2.1/../../../../lib/Scrt1.o]
    arg [/usr/lib/gcc/x86_64-pc-linux-gnu/13.2.1/../../../../lib/crti.o] ==> obj [/usr/lib/gcc/x86_64-pc-linux-gnu/13.2.1/../../../../lib/crti.o]
    arg [/usr/lib/gcc/x86_64-pc-linux-gnu/13.2.1/crtbeginS.o] ==> obj [/usr/lib/gcc/x86_64-pc-linux-gnu/13.2.1/crtbeginS.o]
    arg [-L/usr/lib/gcc/x86_64-pc-linux-gnu/13.2.1] ==> dir [/usr/lib/gcc/x86_64-pc-linux-gnu/13.2.1]
    arg [-L/usr/lib/gcc/x86_64-pc-linux-gnu/13.2.1/../../../../lib] ==> dir [/usr/lib/gcc/x86_64-pc-linux-gnu/13.2.1/../../../../lib]
    arg [-L/lib/../lib] ==> dir [/lib/../lib]
    arg [-L/usr/lib/../lib] ==> dir [/usr/lib/../lib]
    arg [-L/usr/lib/gcc/x86_64-pc-linux-gnu/13.2.1/../../..] ==> dir [/usr/lib/gcc/x86_64-pc-linux-gnu/13.2.1/../../..]
    arg [CMakeFiles/cmTC_2cdcd.dir/CMakeCCompilerABI.c.o] ==> ignore
    arg [-lgcc] ==> lib [gcc]
    arg [--push-state] ==> ignore
    arg [--as-needed] ==> ignore
    arg [-lgcc_s] ==> lib [gcc_s]
    arg [--pop-state] ==> ignore
    arg [-lc] ==> lib [c]
    arg [-lgcc] ==> lib [gcc]
    arg [--push-state] ==> ignore
    arg [--as-needed] ==> ignore
    arg [-lgcc_s] ==> lib [gcc_s]
    arg [--pop-state] ==> ignore
    arg [/usr/lib/gcc/x86_64-pc-linux-gnu/13.2.1/crtendS.o] ==> obj [/usr/lib/gcc/x86_64-pc-linux-gnu/13.2.1/crtendS.o]
    arg [/usr/lib/gcc/x86_64-pc-linux-gnu/13.2.1/../../../../lib/crtn.o] ==> obj [/usr/lib/gcc/x86_64-pc-linux-gnu/13.2.1/../../../../lib/crtn.o]
  collapse obj [/usr/lib/gcc/x86_64-pc-linux-gnu/13.2.1/../../../../lib/Scrt1.o] ==> [/usr/lib/Scrt1.o]
  collapse obj [/usr/lib/gcc/x86_64-pc-linux-gnu/13.2.1/../../../../lib/crti.o] ==> [/usr/lib/crti.o]
  collapse obj [/usr/lib/gcc/x86_64-pc-linux-gnu/13.2.1/../../../../lib/crtn.o] ==> [/usr/lib/crtn.o]
  collapse library dir [/usr/lib/gcc/x86_64-pc-linux-gnu/13.2.1] ==> [/usr/lib/gcc/x86_64-pc-linux-gnu/13.2.1]
  collapse library dir [/usr/lib/gcc/x86_64-pc-linux-gnu/13.2.1/../../../../lib] ==> [/usr/lib]
  collapse library dir [/lib/../lib] ==> [/lib]
  collapse library dir [/usr/lib/../lib] ==> [/usr/lib]
  collapse library dir [/usr/lib/gcc/x86_64-pc-linux-gnu/13.2.1/../../..] ==> [/usr/lib]
  implicit libs: [gcc;gcc_s;c;gcc;gcc_s]
  implicit objs: [/usr/lib/Scrt1.o;/usr/lib/crti.o;/usr/lib/gcc/x86_64-pc-linux-gnu/13.2.1/crtbeginS.o;/usr/lib/gcc/x86_64-pc-linux-gnu/13.2.1/crtendS.o;/usr/lib/crtn.o]
  implicit dirs: [/usr/lib/gcc/x86_64-pc-linux-gnu/13.2.1;/usr/lib;/lib]
  implicit fwks: []


Detecting CXX compiler ABI info compiled with the following output:
Change Dir: /home/mischa/CLionProjects/untitled/cmake-build-release/CMakeFiles/CMakeScratch/TryCompile-e9JT1d

Run Build Command(s):/home/mischa/bin/clion-2023.1.5/bin/ninja/linux/x64/ninja cmTC_9bdd9 && [1/2] Building CXX object CMakeFiles/cmTC_9bdd9.dir/CMakeCXXCompilerABI.cpp.o
Using built-in specs.
COLLECT_GCC=/usr/bin/c++
Target: x86_64-pc-linux-gnu
Configured with: /build/gcc/src/gcc/configure --enable-languages=ada,c,c++,d,fortran,go,lto,objc,obj-c++ --enable-bootstrap --prefix=/usr --libdir=/usr/lib --libexecdir=/usr/lib --mandir=/usr/share/man --infodir=/usr/share/info --with-bugurl=https://bugs.archlinux.org/ --with-build-config=bootstrap-lto --with-linker-hash-style=gnu --with-system-zlib --enable-__cxa_atexit --enable-cet=auto --enable-checking=release --enable-clocale=gnu --enable-default-pie --enable-default-ssp --enable-gnu-indirect-function --enable-gnu-unique-object --enable-libstdcxx-backtrace --enable-link-serialization=1 --enable-linker-build-id --enable-lto --enable-multilib --enable-plugin --enable-shared --enable-threads=posix --disable-libssp --disable-libstdcxx-pch --disable-werror
Thread model: posix
Supported LTO compression algorithms: zlib zstd
gcc version 13.2.1 20230801 (GCC) 
COLLECT_GCC_OPTIONS='-fdiagnostics-color=always' '-v' '-o' 'CMakeFiles/cmTC_9bdd9.dir/CMakeCXXCompilerABI.cpp.o' '-c' '-shared-libgcc' '-mtune=generic' '-march=x86-64' '-dumpdir' 'CMakeFiles/cmTC_9bdd9.dir/'
 /usr/lib/gcc/x86_64-pc-linux-gnu/13.2.1/cc1plus -quiet -v -D_GNU_SOURCE /home/mischa/bin/clion-2023.1.5/bin/cmake/linux/x64/share/cmake-3.25/Modules/CMakeCXXCompilerABI.cpp -quiet -dumpdir CMakeFiles/cmTC_9bdd9.dir/ -dumpbase CMakeCXXCompilerABI.cpp.cpp -dumpbase-ext .cpp -mtune=generic -march=x86-64 -version -fdiagnostics-color=always -o /tmp/cc1MKpYM.s
GNU C++17 (GCC) version 13.2.1 20230801 (x86_64-pc-linux-gnu)
	compiled by GNU C version 13.2.1 20230801, GMP version 6.3.0, MPFR version 4.2.0-p12, MPC version 1.3.1, isl version isl-0.26-GMP

GGC heuristics: --param ggc-min-expand=100 --param ggc-min-heapsize=131072
ignoring nonexistent directory "/usr/lib/gcc/x86_64-pc-linux-gnu/13.2.1/../../../../x86_64-pc-linux-gnu/include"
#include "..." search starts here:
#include <...> search starts here:
 /usr/lib/gcc/x86_64-pc-linux-gnu/13.2.1/../../../../include/c++/13.2.1
 /usr/lib/gcc/x86_64-pc-linux-gnu/13.2.1/../../../../include/c++/13.2.1/x86_64-pc-linux-gnu
 /usr/lib/gcc/x86_64-pc-linux-gnu/13.2.1/../../../../include/c++/13.2.1/backward
 /usr/lib/gcc/x86_64-pc-linux-gnu/13.2.1/include
 /usr/local/include
 /usr/lib/gcc/x86_64-pc-linux-gnu/13.2.1/include-fixed
 /usr/include
End of search list.
Compiler executable checksum: 5a490a353c29b926850bca65a518c219
COLLECT_GCC_OPTIONS='-fdiagnostics-color=always' '-v' '-o' 'CMakeFiles/cmTC_9bdd9.dir/CMakeCXXCompilerABI.cpp.o' '-c' '-shared-libgcc' '-mtune=generic' '-march=x86-64' '-dumpdir' 'CMakeFiles/cmTC_9bdd9.dir/'
 as -v --64 -o CMakeFiles/cmTC_9bdd9.dir/CMakeCXXCompilerABI.cpp.o /tmp/cc1MKpYM.s
GNU assembler version 2.41.0 (x86_64-pc-linux-gnu) using BFD version (GNU Binutils) 2.41.0
COMPILER_PATH=/usr/lib/gcc/x86_64-pc-linux-gnu/13.2.1/:/usr/lib/gcc/x86_64-pc-linux-gnu/13.2.1/:/usr/lib/gcc/x86_64-pc-linux-gnu/:/usr/lib/gcc/x86_64-pc-linux-gnu/13.2.1/:/usr/lib/gcc/x86_64-pc-linux-gnu/
LIBRARY_PATH=/usr/lib/gcc/x86_64-pc-linux-gnu/13.2.1/:/usr/lib/gcc/x86_64-pc-linux-gnu/13.2.1/../../../../lib/:/lib/../lib/:/usr/lib/../lib/:/usr/lib/gcc/x86_64-pc-linux-gnu/13.2.1/../../../:/lib/:/usr/lib/
COLLECT_GCC_OPTIONS='-fdiagnostics-color=always' '-v' '-o' 'CMakeFiles/cmTC_9bdd9.dir/CMakeCXXCompilerABI.cpp.o' '-c' '-shared-libgcc' '-mtune=generic' '-march=x86-64' '-dumpdir' 'CMakeFiles/cmTC_9bdd9.dir/CMakeCXXCompilerABI.cpp.'
[2/2] Linking CXX executable cmTC_9bdd9
Using built-in specs.
COLLECT_GCC=/usr/bin/c++
COLLECT_LTO_WRAPPER=/usr/lib/gcc/x86_64-pc-linux-gnu/13.2.1/lto-wrapper
Target: x86_64-pc-linux-gnu
Configured with: /build/gcc/src/gcc/configure --enable-languages=ada,c,c++,d,fortran,go,lto,objc,obj-c++ --enable-bootstrap --prefix=/usr --libdir=/usr/lib --libexecdir=/usr/lib --mandir=/usr/share/man --infodir=/usr/share/info --with-bugurl=https://bugs.archlinux.org/ --with-build-config=bootstrap-lto --with-linker-hash-style=gnu --with-system-zlib --enable-__cxa_atexit --enable-cet=auto --enable-checking=release --enable-clocale=gnu --enable-default-pie --enable-default-ssp --enable-gnu-indirect-function --enable-gnu-unique-object --enable-libstdcxx-backtrace --enable-link-serialization=1 --enable-linker-build-id --enable-lto --enable-multilib --enable-plugin --enable-shared --enable-threads=posix --disable-libssp --disable-libstdcxx-pch --disable-werror
Thread model: posix
Supported LTO compression algorithms: zlib zstd
gcc version 13.2.1 20230801 (GCC) 
COMPILER_PATH=/usr/lib/gcc/x86_64-pc-linux-gnu/13.2.1/:/usr/lib/gcc/x86_64-pc-linux-gnu/13.2.1/:/usr/lib/gcc/x86_64-pc-linux-gnu/:/usr/lib/gcc/x86_64-pc-linux-gnu/13.2.1/:/usr/lib/gcc/x86_64-pc-linux-gnu/
LIBRARY_PATH=/usr/lib/gcc/x86_64-pc-linux-gnu/13.2.1/:/usr/lib/gcc/x86_64-pc-linux-gnu/13.2.1/../../../../lib/:/lib/../lib/:/usr/lib/../lib/:/usr/lib/gcc/x86_64-pc-linux-gnu/13.2.1/../../../:/lib/:/usr/lib/
COLLECT_GCC_OPTIONS='-v' '-o' 'cmTC_9bdd9' '-shared-libgcc' '-mtune=generic' '-march=x86-64' '-dumpdir' 'cmTC_9bdd9.'
 /usr/lib/gcc/x86_64-pc-linux-gnu/13.2.1/collect2 -plugin /usr/lib/gcc/x86_64-pc-linux-gnu/13.2.1/liblto_plugin.so -plugin-opt=/usr/lib/gcc/x86_64-pc-linux-gnu/13.2.1/lto-wrapper -plugin-opt=-fresolution=/tmp/ccXeYfNR.res -plugin-opt=-pass-through=-lgcc_s -plugin-opt=-pass-through=-lgcc -plugin-opt=-pass-through=-lc -plugin-opt=-pass-through=-lgcc_s -plugin-opt=-pass-through=-lgcc --build-id --eh-frame-hdr --hash-style=gnu -m elf_x86_64 -dynamic-linker /lib64/ld-linux-x86-64.so.2 -pie -o cmTC_9bdd9 /usr/lib/gcc/x86_64-pc-linux-gnu/13.2.1/../../../../lib/Scrt1.o /usr/lib/gcc/x86_64-pc-linux-gnu/13.2.1/../../../../lib/crti.o /usr/lib/gcc/x86_64-pc-linux-gnu/13.2.1/crtbeginS.o -L/usr/lib/gcc/x86_64-pc-linux-gnu/13.2.1 -L/usr/lib/gcc/x86_64-pc-linux-gnu/13.2.1/../../../../lib -L/lib/../lib -L/usr/lib/../lib -L/usr/lib/gcc/x86_64-pc-linux-gnu/13.2.1/../../.. CMakeFiles/cmTC_9bdd9.dir/CMakeCXXCompilerABI.cpp.o -lstdc++ -lm -lgcc_s -lgcc -lc -lgcc_s -lgcc /usr/lib/gcc/x86_64-pc-linux-gnu/13.2.1/crtendS.o /usr/lib/gcc/x86_64-pc-linux-gnu/13.2.1/../../../../lib/crtn.o
COLLECT_GCC_OPTIONS='-v' '-o' 'cmTC_9bdd9' '-shared-libgcc' '-mtune=generic' '-march=x86-64' '-dumpdir' 'cmTC_9bdd9.'



Parsed CXX implicit include dir info from above output: rv=done
  found start of include info
  found start of implicit include info
    add: [/usr/lib/gcc/x86_64-pc-linux-gnu/13.2.1/../../../../include/c++/13.2.1]
    add: [/usr/lib/gcc/x86_64-pc-linux-gnu/13.2.1/../../../../include/c++/13.2.1/x86_64-pc-linux-gnu]
    add: [/usr/lib/gcc/x86_64-pc-linux-gnu/13.2.1/../../../../include/c++/13.2.1/backward]
    add: [/usr/lib/gcc/x86_64-pc-linux-gnu/13.2.1/include]
    add: [/usr/local/include]
    add: [/usr/lib/gcc/x86_64-pc-linux-gnu/13.2.1/include-fixed]
    add: [/usr/include]
  end of search list found
  collapse include dir [/usr/lib/gcc/x86_64-pc-linux-gnu/13.2.1/../../../../include/c++/13.2.1] ==> [/usr/include/c++/13.2.1]
  collapse include dir [/usr/lib/gcc/x86_64-pc-linux-gnu/13.2.1/../../../../include/c++/13.2.1/x86_64-pc-linux-gnu] ==> [/usr/include/c++/13.2.1/x86_64-pc-linux-gnu]
  collapse include dir [/usr/lib/gcc/x86_64-pc-linux-gnu/13.2.1/../../../../include/c++/13.2.1/backward] ==> [/usr/include/c++/13.2.1/backward]
  collapse include dir [/usr/lib/gcc/x86_64-pc-linux-gnu/13.2.1/include] ==> [/usr/lib/gcc/x86_64-pc-linux-gnu/13.2.1/include]
  collapse include dir [/usr/local/include] ==> [/usr/local/include]
  collapse include dir [/usr/lib/gcc/x86_64-pc-linux-gnu/13.2.1/include-fixed] ==> [/usr/lib/gcc/x86_64-pc-linux-gnu/13.2.1/include-fixed]
  collapse include dir [/usr/include] ==> [/usr/include]
  implicit include dirs: [/usr/include/c++/13.2.1;/usr/include/c++/13.2.1/x86_64-pc-linux-gnu;/usr/include/c++/13.2.1/backward;/usr/lib/gcc/x86_64-pc-linux-gnu/13.2.1/include;/usr/local/include;/usr/lib/gcc/x86_64-pc-linux-gnu/13.2.1/include-fixed;/usr/include]


Parsed CXX implicit link information from above output:
  link line regex: [^( *|.*[/\])(ld|CMAKE_LINK_STARTFILE-NOTFOUND|([^/\]+-)?ld|collect2)[^/\]*( |$)]
  ignore line: [Change Dir: /home/mischa/CLionProjects/untitled/cmake-build-release/CMakeFiles/CMakeScratch/TryCompile-e9JT1d]
  ignore line: []
  ignore line: [Run Build Command(s):/home/mischa/bin/clion-2023.1.5/bin/ninja/linux/x64/ninja cmTC_9bdd9 && [1/2] Building CXX object CMakeFiles/cmTC_9bdd9.dir/CMakeCXXCompilerABI.cpp.o]
  ignore line: [Using built-in specs.]
  ignore line: [COLLECT_GCC=/usr/bin/c++]
  ignore line: [Target: x86_64-pc-linux-gnu]
  ignore line: [Configured with: /build/gcc/src/gcc/configure --enable-languages=ada c c++ d fortran go lto objc obj-c++ --enable-bootstrap --prefix=/usr --libdir=/usr/lib --libexecdir=/usr/lib --mandir=/usr/share/man --infodir=/usr/share/info --with-bugurl=https://bugs.archlinux.org/ --with-build-config=bootstrap-lto --with-linker-hash-style=gnu --with-system-zlib --enable-__cxa_atexit --enable-cet=auto --enable-checking=release --enable-clocale=gnu --enable-default-pie --enable-default-ssp --enable-gnu-indirect-function --enable-gnu-unique-object --enable-libstdcxx-backtrace --enable-link-serialization=1 --enable-linker-build-id --enable-lto --enable-multilib --enable-plugin --enable-shared --enable-threads=posix --disable-libssp --disable-libstdcxx-pch --disable-werror]
  ignore line: [Thread model: posix]
  ignore line: [Supported LTO compression algorithms: zlib zstd]
  ignore line: [gcc version 13.2.1 20230801 (GCC) ]
  ignore line: [COLLECT_GCC_OPTIONS='-fdiagnostics-color=always' '-v' '-o' 'CMakeFiles/cmTC_9bdd9.dir/CMakeCXXCompilerABI.cpp.o' '-c' '-shared-libgcc' '-mtune=generic' '-march=x86-64' '-dumpdir' 'CMakeFiles/cmTC_9bdd9.dir/']
  ignore line: [ /usr/lib/gcc/x86_64-pc-linux-gnu/13.2.1/cc1plus -quiet -v -D_GNU_SOURCE /home/mischa/bin/clion-2023.1.5/bin/cmake/linux/x64/share/cmake-3.25/Modules/CMakeCXXCompilerABI.cpp -quiet -dumpdir CMakeFiles/cmTC_9bdd9.dir/ -dumpbase CMakeCXXCompilerABI.cpp.cpp -dumpbase-ext .cpp -mtune=generic -march=x86-64 -version -fdiagnostics-color=always -o /tmp/cc1MKpYM.s]
  ignore line: [GNU C++17 (GCC) version 13.2.1 20230801 (x86_64-pc-linux-gnu)]
  ignore line: [	compiled by GNU C version 13.2.1 20230801  GMP version 6.3.0  MPFR version 4.2.0-p12  MPC version 1.3.1  isl version isl-0.26-GMP]
  ignore line: []
  ignore line: [GGC heuristics: --param ggc-min-expand=100 --param ggc-min-heapsize=131072]
  ignore line: [ignoring nonexistent directory "/usr/lib/gcc/x86_64-pc-linux-gnu/13.2.1/../../../../x86_64-pc-linux-gnu/include"]
  ignore line: [#include "..." search starts here:]
  ignore line: [#include <...> search starts here:]
  ignore line: [ /usr/lib/gcc/x86_64-pc-linux-gnu/13.2.1/../../../../include/c++/13.2.1]
  ignore line: [ /usr/lib/gcc/x86_64-pc-linux-gnu/13.2.1/../../../../include/c++/13.2.1/x86_64-pc-linux-gnu]
  ignore line: [ /usr/lib/gcc/x86_64-pc-linux-gnu/13.2.1/../../../../include/c++/13.2.1/backward]
  ignore line: [ /usr/lib/gcc/x86_64-pc-linux-gnu/13.2.1/include]
  ignore line: [ /usr/local/include]
  ignore line: [ /usr/lib/gcc/x86_64-pc-linux-gnu/13.2.1/include-fixed]
  ignore line: [ /usr/include]
  ignore line: [End of search list.]
  ignore line: [Compiler executable checksum: 5a490a353c29b926850bca65a518c219]
  ignore line: [COLLECT_GCC_OPTIONS='-fdiagnostics-color=always' '-v' '-o' 'CMakeFiles/cmTC_9bdd9.dir/CMakeCXXCompilerABI.cpp.o' '-c' '-shared-libgcc' '-mtune=generic' '-march=x86-64' '-dumpdir' 'CMakeFiles/cmTC_9bdd9.dir/']
  ignore line: [ as -v --64 -o CMakeFiles/cmTC_9bdd9.dir/CMakeCXXCompilerABI.cpp.o /tmp/cc1MKpYM.s]
  ignore line: [GNU assembler version 2.41.0 (x86_64-pc-linux-gnu) using BFD version (GNU Binutils) 2.41.0]
  ignore line: [COMPILER_PATH=/usr/lib/gcc/x86_64-pc-linux-gnu/13.2.1/:/usr/lib/gcc/x86_64-pc-linux-gnu/13.2.1/:/usr/lib/gcc/x86_64-pc-linux-gnu/:/usr/lib/gcc/x86_64-pc-linux-gnu/13.2.1/:/usr/lib/gcc/x86_64-pc-linux-gnu/]
  ignore line: [LIBRARY_PATH=/usr/lib/gcc/x86_64-pc-linux-gnu/13.2.1/:/usr/lib/gcc/x86_64-pc-linux-gnu/13.2.1/../../../../lib/:/lib/../lib/:/usr/lib/../lib/:/usr/lib/gcc/x86_64-pc-linux-gnu/13.2.1/../../../:/lib/:/usr/lib/]
  ignore line: [COLLECT_GCC_OPTIONS='-fdiagnostics-color=always' '-v' '-o' 'CMakeFiles/cmTC_9bdd9.dir/CMakeCXXCompilerABI.cpp.o' '-c' '-shared-libgcc' '-mtune=generic' '-march=x86-64' '-dumpdir' 'CMakeFiles/cmTC_9bdd9.dir/CMakeCXXCompilerABI.cpp.']
  ignore line: [[2/2] Linking CXX executable cmTC_9bdd9]
  ignore line: [Using built-in specs.]
  ignore line: [COLLECT_GCC=/usr/bin/c++]
  ignore line: [COLLECT_LTO_WRAPPER=/usr/lib/gcc/x86_64-pc-linux-gnu/13.2.1/lto-wrapper]
  ignore line: [Target: x86_64-pc-linux-gnu]
  ignore line: [Configured with: /build/gcc/src/gcc/configure --enable-languages=ada c c++ d fortran go lto objc obj-c++ --enable-bootstrap --prefix=/usr --libdir=/usr/lib --libexecdir=/usr/lib --mandir=/usr/share/man --infodir=/usr/share/info --with-bugurl=https://bugs.archlinux.org/ --with-build-config=bootstrap-lto --with-linker-hash-style=gnu --with-system-zlib --enable-__cxa_atexit --enable-cet=auto --enable-checking=release --enable-clocale=gnu --enable-default-pie --enable-default-ssp --enable-gnu-indirect-function --enable-gnu-unique-object --enable-libstdcxx-backtrace --enable-link-serialization=1 --enable-linker-build-id --enable-lto --enable-multilib --enable-plugin --enable-shared --enable-threads=posix --disable-libssp --disable-libstdcxx-pch --disable-werror]
  ignore line: [Thread model: posix]
  ignore line: [Supported LTO compression algorithms: zlib zstd]
  ignore line: [gcc version 13.2.1 20230801 (GCC) ]
  ignore line: [COMPILER_PATH=/usr/lib/gcc/x86_64-pc-linux-gnu/13.2.1/:/usr/lib/gcc/x86_64-pc-linux-gnu/13.2.1/:/usr/lib/gcc/x86_64-pc-linux-gnu/:/usr/lib/gcc/x86_64-pc-linux-gnu/13.2.1/:/usr/lib/gcc/x86_64-pc-linux-gnu/]
  ignore line: [LIBRARY_PATH=/usr/lib/gcc/x86_64-pc-linux-gnu/13.2.1/:/usr/lib/gcc/x86_64-pc-linux-gnu/13.2.1/../../../../lib/:/lib/../lib/:/usr/lib/../lib/:/usr/lib/gcc/x86_64-pc-linux-gnu/13.2.1/../../../:/lib/:/usr/lib/]
  ignore line: [COLLECT_GCC_OPTIONS='-v' '-o' 'cmTC_9bdd9' '-shared-libgcc' '-mtune=generic' '-march=x86-64' '-dumpdir' 'cmTC_9bdd9.']
  link line: [ /usr/lib/gcc/x86_64-pc-linux-gnu/13.2.1/collect2 -plugin /usr/lib/gcc/x86_64-pc-linux-gnu/13.2.1/liblto_plugin.so -plugin-opt=/usr/lib/gcc/x86_64-pc-linux-gnu/13.2.1/lto-wrapper -plugin-opt=-fresolution=/tmp/ccXeYfNR.res -plugin-opt=-pass-through=-lgcc_s -plugin-opt=-pass-through=-lgcc -plugin-opt=-pass-through=-lc -plugin-opt=-pass-through=-lgcc_s -plugin-opt=-pass-through=-lgcc --build-id --eh-frame-hdr --hash-style=gnu -m elf_x86_64 -dynamic-linker /lib64/ld-linux-x86-64.so.2 -pie -o cmTC_9bdd9 /usr/lib/gcc/x86_64-pc-linux-gnu/13.2.1/../../../../lib/Scrt1.o /usr/lib/gcc/x86_64-pc-linux-gnu/13.2.1/../../../../lib/crti.o /usr/lib/gcc/x86_64-pc-linux-gnu/13.2.1/crtbeginS.o -L/usr/lib/gcc/x86_64-pc-linux-gnu/13.2.1 -L/usr/lib/gcc/x86_64-pc-linux-gnu/13.2.1/../../../../lib -L/lib/../lib -L/usr/lib/../lib -L/usr/lib/gcc/x86_64-pc-linux-gnu/13.2.1/../../.. CMakeFiles/cmTC_9bdd9.dir/CMakeCXXCompilerABI.cpp.o -lstdc++ -lm -lgcc_s -lgcc -lc -lgcc_s -lgcc /usr/lib/gcc/x86_64-pc-linux-gnu/13.2.1/crtendS.o /usr/lib/gcc/x86_64-pc-linux-gnu/13.2.1/../../../../lib/crtn.o]
    arg [/usr/lib/gcc/x86_64-pc-linux-gnu/13.2.1/collect2] ==> ignore
    arg [-plugin] ==> ignore
    arg [/usr/lib/gcc/x86_64-pc-linux-gnu/13.2.1/liblto_plugin.so] ==> ignore
    arg [-plugin-opt=/usr/lib/gcc/x86_64-pc-linux-gnu/13.2.1/lto-wrapper] ==> ignore
    arg [-plugin-opt=-fresolution=/tmp/ccXeYfNR.res] ==> ignore
    arg [-plugin-opt=-pass-through=-lgcc_s] ==> ignore
    arg [-plugin-opt=-pass-through=-lgcc] ==> ignore
    arg [-plugin-opt=-pass-through=-lc] ==> ignore
    arg [-plugin-opt=-pass-through=-lgcc_s] ==> ignore
    arg [-plugin-opt=-pass-through=-lgcc] ==> ignore
    arg [--build-id] ==> ignore
    arg [--eh-frame-hdr] ==> ignore
    arg [--hash-style=gnu] ==> ignore
    arg [-m] ==> ignore
    arg [elf_x86_64] ==> ignore
    arg [-dynamic-linker] ==> ignore
    arg [/lib64/ld-linux-x86-64.so.2] ==> ignore
    arg [-pie] ==> ignore
    arg [-o] ==> ignore
    arg [cmTC_9bdd9] ==> ignore
    arg [/usr/lib/gcc/x86_64-pc-linux-gnu/13.2.1/../../../../lib/Scrt1.o] ==> obj [/usr/lib/gcc/x86_64-pc-linux-gnu/13.2.1/../../../../lib/Scrt1.o]
    arg [/usr/lib/gcc/x86_64-pc-linux-gnu/13.2.1/../../../../lib/crti.o] ==> obj [/usr/lib/gcc/x86_64-pc-linux-gnu/13.2.1/../../../../lib/crti.o]
    arg [/usr/lib/gcc/x86_64-pc-linux-gnu/13.2.1/crtbeginS.o] ==> obj [/usr/lib/gcc/x86_64-pc-linux-gnu/13.2.1/crtbeginS.o]
    arg [-L/usr/lib/gcc/x86_64-pc-linux-gnu/13.2.1] ==> dir [/usr/lib/gcc/x86_64-pc-linux-gnu/13.2.1]
    arg [-L/usr/lib/gcc/x86_64-pc-linux-gnu/13.2.1/../../../../lib] ==> dir [/usr/lib/gcc/x86_64-pc-linux-gnu/13.2.1/../../../../lib]
    arg [-L/lib/../lib] ==> dir [/lib/../lib]
    arg [-L/usr/lib/../lib] ==> dir [/usr/lib/../lib]
    arg [-L/usr/lib/gcc/x86_64-pc-linux-gnu/13.2.1/../../..] ==> dir [/usr/lib/gcc/x86_64-pc-linux-gnu/13.2.1/../../..]
    arg [CMakeFiles/cmTC_9bdd9.dir/CMakeCXXCompilerABI.cpp.o] ==> ignore
    arg [-lstdc++] ==> lib [stdc++]
    arg [-lm] ==> lib [m]
    arg [-lgcc_s] ==> lib [gcc_s]
    arg [-lgcc] ==> lib [gcc]
    arg [-lc] ==> lib [c]
    arg [-lgcc_s] ==> lib [gcc_s]
    arg [-lgcc] ==> lib [gcc]
    arg [/usr/lib/gcc/x86_64-pc-linux-gnu/13.2.1/crtendS.o] ==> obj [/usr/lib/gcc/x86_64-pc-linux-gnu/13.2.1/crtendS.o]
    arg [/usr/lib/gcc/x86_64-pc-linux-gnu/13.2.1/../../../../lib/crtn.o] ==> obj [/usr/lib/gcc/x86_64-pc-linux-gnu/13.2.1/../../../../lib/crtn.o]
  collapse obj [/usr/lib/gcc/x86_64-pc-linux-gnu/13.2.1/../../../../lib/Scrt1.o] ==> [/usr/lib/Scrt1.o]
  collapse obj [/usr/lib/gcc/x86_64-pc-linux-gnu/13.2.1/../../../../lib/crti.o] ==> [/usr/lib/crti.o]
  collapse obj [/usr/lib/gcc/x86_64-pc-linux-gnu/13.2.1/../../../../lib/crtn.o] ==> [/usr/lib/crtn.o]
  collapse library dir [/usr/lib/gcc/x86_64-pc-linux-gnu/13.2.1] ==> [/usr/lib/gcc/x86_64-pc-linux-gnu/13.2.1]
  collapse library dir [/usr/lib/gcc/x86_64-pc-linux-gnu/13.2.1/../../../../lib] ==> [/usr/lib]
  collapse library dir [/lib/../lib] ==> [/lib]
  collapse library dir [/usr/lib/../lib] ==> [/usr/lib]
  collapse library dir [/usr/lib/gcc/x86_64-pc-linux-gnu/13.2.1/../../..] ==> [/usr/lib]
  implicit libs: [stdc++;m;gcc_s;gcc;c;gcc_s;gcc]
  implicit objs: [/usr/lib/Scrt1.o;/usr/lib/crti.o;/usr/lib/gcc/x86_64-pc-linux-gnu/13.2.1/crtbeginS.o;/usr/lib/gcc/x86_64-pc-linux-gnu/13.2.1/crtendS.o;/usr/lib/crtn.o]
  implicit dirs: [/usr/lib/gcc/x86_64-pc-linux-gnu/13.2.1;/usr/lib;/lib]
  implicit fwks: []


Determining if the include file sys/types.h exists passed with the following output:
Change Dir: /home/mischa/CLionProjects/untitled/cmake-build-release/CMakeFiles/CMakeScratch/TryCompile-0tRCIA

Run Build Command(s):/home/mischa/bin/clion-2023.1.5/bin/ninja/linux/x64/ninja cmTC_1da0f && [1/2] Building C object CMakeFiles/cmTC_1da0f.dir/CheckIncludeFile.c.o
[2/2] Linking C executable cmTC_1da0f



Determining if the include file stdint.h exists passed with the following output:
Change Dir: /home/mischa/CLionProjects/untitled/cmake-build-release/CMakeFiles/CMakeScratch/TryCompile-eNFbaS

Run Build Command(s):/home/mischa/bin/clion-2023.1.5/bin/ninja/linux/x64/ninja cmTC_d6609 && [1/2] Building C object CMakeFiles/cmTC_d6609.dir/CheckIncludeFile.c.o
[2/2] Linking C executable cmTC_d6609



Determining if the include file stddef.h exists passed with the following output:
Change Dir: /home/mischa/CLionProjects/untitled/cmake-build-release/CMakeFiles/CMakeScratch/TryCompile-j3qemQ

Run Build Command(s):/home/mischa/bin/clion-2023.1.5/bin/ninja/linux/x64/ninja cmTC_f7a14 && [1/2] Building C object CMakeFiles/cmTC_f7a14.dir/CheckIncludeFile.c.o
[2/2] Linking C executable cmTC_f7a14



Determining size of off64_t passed with the following output:
Change Dir: /home/mischa/CLionProjects/untitled/cmake-build-release/CMakeFiles/CMakeScratch/TryCompile-2mVTWs

Run Build Command(s):/home/mischa/bin/clion-2023.1.5/bin/ninja/linux/x64/ninja cmTC_2cb98 && [1/2] Building C object CMakeFiles/cmTC_2cb98.dir/OFF64_T.c.o
[2/2] Linking C executable cmTC_2cb98



Determining if the function fseeko exists passed with the following output:
Change Dir: /home/mischa/CLionProjects/untitled/cmake-build-release/CMakeFiles/CMakeScratch/TryCompile-sa0p1c

Run Build Command(s):/home/mischa/bin/clion-2023.1.5/bin/ninja/linux/x64/ninja cmTC_c2259 && [1/2] Building C object CMakeFiles/cmTC_c2259.dir/CheckFunctionExists.c.o
[2/2] Linking C executable cmTC_c2259



Determining if the include file unistd.h exists passed with the following output:
Change Dir: /home/mischa/CLionProjects/untitled/cmake-build-release/CMakeFiles/CMakeScratch/TryCompile-ImUSTH

Run Build Command(s):/home/mischa/bin/clion-2023.1.5/bin/ninja/linux/x64/ninja cmTC_12584 && [1/2] Building C object CMakeFiles/cmTC_12584.dir/CheckIncludeFile.c.o
[2/2] Linking C executable cmTC_12584



Performing C SOURCE FILE Test CMAKE_HAVE_LIBC_PTHREAD succeeded with the following output:
Change Dir: /home/mischa/CLionProjects/untitled/cmake-build-release/CMakeFiles/CMakeScratch/TryCompile-sjUA9W

Run Build Command(s):/home/mischa/bin/clion-2023.1.5/bin/ninja/linux/x64/ninja cmTC_36f86 && [1/2] Building C object CMakeFiles/cmTC_36f86.dir/src.c.o
[2/2] Linking C executable cmTC_36f86


Source file was:
#include <pthread.h>

static void* test_func(void* data)
{
  return data;
}

int main(void)
{
  pthread_t thread;
  pthread_create(&thread, NULL, test_func, NULL);
  pthread_detach(thread);
  pthread_cancel(thread);
  pthread_join(thread, NULL);
  pthread_atfork(NULL, NULL, NULL);
  pthread_exit(NULL);

  return 0;
}


Determining if the function XOpenDisplay exists in the /usr/lib/libX11.so;/usr/lib/libXext.so passed with the following output:
Change Dir: /home/mischa/CLionProjects/untitled/cmake-build-release/CMakeFiles/CMakeScratch/TryCompile-KbFjW8

Run Build Command(s):/home/mischa/bin/clion-2023.1.5/bin/ninja/linux/x64/ninja cmTC_f07c4 && [1/2] Building C object CMakeFiles/cmTC_f07c4.dir/CheckFunctionExists.c.o
[2/2] Linking C executable cmTC_f07c4



Determining if the function gethostbyname exists passed with the following output:
Change Dir: /home/mischa/CLionProjects/untitled/cmake-build-release/CMakeFiles/CMakeScratch/TryCompile-NRr4dx

Run Build Command(s):/home/mischa/bin/clion-2023.1.5/bin/ninja/linux/x64/ninja cmTC_96397 && [1/2] Building C object CMakeFiles/cmTC_96397.dir/CheckFunctionExists.c.o
[2/2] Linking C executable cmTC_96397



Determining if the function connect exists passed with the following output:
Change Dir: /home/mischa/CLionProjects/untitled/cmake-build-release/CMakeFiles/CMakeScratch/TryCompile-abqx6o

Run Build Command(s):/home/mischa/bin/clion-2023.1.5/bin/ninja/linux/x64/ninja cmTC_35f38 && [1/2] Building C object CMakeFiles/cmTC_35f38.dir/CheckFunctionExists.c.o
[2/2] Linking C executable cmTC_35f38



Determining if the function remove exists passed with the following output:
Change Dir: /home/mischa/CLionProjects/untitled/cmake-build-release/CMakeFiles/CMakeScratch/TryCompile-KLc191

Run Build Command(s):/home/mischa/bin/clion-2023.1.5/bin/ninja/linux/x64/ninja cmTC_47bb7 && [1/2] Building C object CMakeFiles/cmTC_47bb7.dir/CheckFunctionExists.c.o
[2/2] Linking C executable cmTC_47bb7



Determining if the function shmat exists passed with the following output:
Change Dir: /home/mischa/CLionProjects/untitled/cmake-build-release/CMakeFiles/CMakeScratch/TryCompile-V9jcdi

Run Build Command(s):/home/mischa/bin/clion-2023.1.5/bin/ninja/linux/x64/ninja cmTC_b4a48 && [1/2] Building C object CMakeFiles/cmTC_b4a48.dir/CheckFunctionExists.c.o
[2/2] Linking C executable cmTC_b4a48



Determining if the function IceConnectionNumber exists in the ICE passed with the following output:
Change Dir: /home/mischa/CLionProjects/untitled/cmake-build-release/CMakeFiles/CMakeScratch/TryCompile-2vCwUt

Run Build Command(s):/home/mischa/bin/clion-2023.1.5/bin/ninja/linux/x64/ninja cmTC_59a32 && [1/2] Building C object CMakeFiles/cmTC_59a32.dir/CheckFunctionExists.c.o
[2/2] Linking C executable cmTC_59a32



